<?xml version="1.0" encoding="UTF-8"?>
<testng-results skipped="0" failed="0" total="1" passed="1">
  <reporter-output>
  </reporter-output>
  <suite name="Default suite" duration-ms="45306" started-at="2020-10-01T15:52:03Z" finished-at="2020-10-01T15:52:48Z">
    <groups>
    </groups>
    <test name="Default test" duration-ms="45306" started-at="2020-10-01T15:52:03Z" finished-at="2020-10-01T15:52:48Z">
      <class name="com.mytest.webscraping.OracleCreateAccount">
        <test-method status="PASS" signature="testMethod()[pri:0, instance:com.mytest.webscraping.OracleCreateAccount@6646153]" name="testMethod" duration-ms="45278" started-at="2020-10-01T21:22:03Z" finished-at="2020-10-01T21:22:48Z">
          <reporter-output>
          </reporter-output>
        </test-method> <!-- testMethod -->
      </class> <!-- com.mytest.webscraping.OracleCreateAccount -->
    </test> <!-- Default test -->
  </suite> <!-- Default suite -->
</testng-results>
